<?xml version="1.0" encoding="UTF-8"?>
<!-- Generated by org.testng.reporters.JUnitReportReporter -->
<testsuite skipped="0" hostname="VDDK35Q-I3SIQA1" name="Selenium.Automation.selenium.io.automation.getTextAndgetAttributeTest" tests="1" failures="0" timestamp="27 Jun 2018 02:39:41 GMT" time="9.941" errors="0">
  <testcase name="verifyErrorMessage" time="9.941" classname="Selenium.Automation.selenium.io.automation.getTextAndgetAttributeTest"/>
</testsuite> <!-- Selenium.Automation.selenium.io.automation.getTextAndgetAttributeTest -->
