<?xml version="1.0" encoding="UTF-8"?>
<!-- Generated by org.testng.reporters.JUnitReportReporter -->
<testsuite skipped="0" hostname="VDDK35Q-I3SIQA1" name="Selenium.Automation.selenium.io.automation.DocListAutomation" tests="3" failures="0" timestamp="27 Jun 2018 00:21:53 GMT" time="15.526" errors="0">
  <testcase name="closeApplication" time="1.102" classname="Selenium.Automation.selenium.io.automation.DocListAutomation"/>
  <testcase name="StartApplication" time="8.897" classname="Selenium.Automation.selenium.io.automation.DocListAutomation"/>
  <testcase name="LoginApplication" time="5.527" classname="Selenium.Automation.selenium.io.automation.DocListAutomation"/>
</testsuite> <!-- Selenium.Automation.selenium.io.automation.DocListAutomation -->
