<?xml version="1.0" encoding="UTF-8"?>
<!-- Generated by org.testng.reporters.JUnitReportReporter -->
<testsuite skipped="0" hostname="VDDK35Q-I3SIQA1" name="CrossBrowserTesting.CrossBrowserTest" tests="2" failures="0" timestamp="05 Jul 2018 18:06:57 GMT" time="19.499" errors="0">
  <testcase name="verifyPageTitle" time="9.741" classname="CrossBrowserTesting.CrossBrowserTest"/>
  <testcase name="verifyPageTitle" time="9.758" classname="CrossBrowserTesting.CrossBrowserTest"/>
</testsuite> <!-- CrossBrowserTesting.CrossBrowserTest -->
