<?xml version="1.0" encoding="UTF-8"?>
<!-- Generated by org.testng.reporters.JUnitReportReporter -->
<testsuite skipped="0" hostname="VDDK35Q-I3SIQA1" name="Selenium.Automation.selenium.io.automation.priorityAndDiscriptionTest" tests="3" failures="0" timestamp="27 Jun 2018 00:36:34 GMT" time="0.019" errors="0">
  <testcase name="checkout" time="0.015" classname="Selenium.Automation.selenium.io.automation.priorityAndDiscriptionTest"/>
  <testcase name="loginApplication" time="0.002" classname="Selenium.Automation.selenium.io.automation.priorityAndDiscriptionTest"/>
  <testcase name="selectItems" time="0.002" classname="Selenium.Automation.selenium.io.automation.priorityAndDiscriptionTest"/>
</testsuite> <!-- Selenium.Automation.selenium.io.automation.priorityAndDiscriptionTest -->
