<?xml version="1.0" encoding="UTF-8"?>
<!-- Generated by org.testng.reporters.JUnitReportReporter -->
<testsuite skipped="0" hostname="VDDK35Q-I3SIQA1" name="Selenium.Automation.selenium.io.automation.SeleniumTestNGAutomation" tests="2" failures="0" timestamp="27 Jun 2018 00:33:15 GMT" time="9.244" errors="0">
  <testcase name="LoginApplication" time="2.352" classname="Selenium.Automation.selenium.io.automation.SeleniumTestNGAutomation"/>
  <testcase name="StartApplication" time="6.892" classname="Selenium.Automation.selenium.io.automation.SeleniumTestNGAutomation"/>
</testsuite> <!-- Selenium.Automation.selenium.io.automation.SeleniumTestNGAutomation -->
