<?xml version="1.0" encoding="UTF-8"?>
<!-- Generated by org.testng.reporters.JUnitReportReporter -->
<testsuite skipped="0" hostname="VDDK35Q-I3SIQA1" name="Selenium.Automation.selenium.io.automation.FirstTestNGTest" tests="3" failures="0" timestamp="26 Jun 2018 18:50:52 GMT" time="0.017" errors="0">
  <testcase name="checkout" time="0.015" classname="Selenium.Automation.selenium.io.automation.FirstTestNGTest"/>
  <testcase name="loginApplication" time="0.001" classname="Selenium.Automation.selenium.io.automation.FirstTestNGTest"/>
  <testcase name="selectItems" time="0.001" classname="Selenium.Automation.selenium.io.automation.FirstTestNGTest"/>
</testsuite> <!-- Selenium.Automation.selenium.io.automation.FirstTestNGTest -->
